[2021-07-29 00:09:54] local.ERROR: 2021-07-29 00:09:53:
#SC003::Message: SQLSTATE[HY000] [2002] Connection refused - Line: 70 - File: /home/zack/Téléchargements/S-CART-FULL-6.4.1.1.6.4.1.1/s-cart/vendor/laravel/framework/src/Illuminate/Database/Connectors/Connector.php
  
[2021-07-29 00:10:27] local.ERROR: 2021-07-29 00:10:27:
#SC003::Message: SQLSTATE[HY000] [2002] Connection refused - Line: 70 - File: /home/zack/Téléchargements/S-CART-FULL-6.4.1.1.6.4.1.1/s-cart/vendor/laravel/framework/src/Illuminate/Database/Connectors/Connector.php
  
[2021-07-29 00:53:03] local.ERROR: 2021-07-29 00:53:03:
```syntax error, unexpected '">' (T_CONSTANT_ENCAPSED_STRING), expecting ')' (View: /home/zack/Téléchargements/S-CART-FULL-6.4.1.1.6.4.1.1/s-cart/resources/views/templates/danjoutheme/main.blade.php)```
*File* `/home/zack/Téléchargements/S-CART-FULL-6.4.1.1.6.4.1.1/s-cart/resources/views/templates/danjoutheme/main.blade.php`, *Line:* 47, *Code:* 0
URL= http://127.0.0.1:8000
  
[2021-07-29 00:53:03] local.ERROR: syntax error, unexpected '">' (T_CONSTANT_ENCAPSED_STRING), expecting ')' (View: /home/zack/Téléchargements/S-CART-FULL-6.4.1.1.6.4.1.1/s-cart/resources/views/templates/danjoutheme/main.blade.php) {"view":{"view":"/home/zack/Téléchargements/S-CART-FULL-6.4.1.1.6.4.1.1/s-cart/resources/views/templates/danjoutheme/main.blade.php","data":{"modelCmsCategory":"<pre class=sf-dump id=sf-dump-1235884837 data-indent-pad=\"  \"><span class=sf-dump-note>App\\Plugins\\Cms\\Content\\Models\\CmsCategory</span> {<a class=sf-dump-ref>#257</a><samp data-depth=1 class=sf-dump-expanded>
  +<span class=sf-dump-public title=\"Public property\">timestamps</span>: <span class=sf-dump-const>false</span>
  +<span class=sf-dump-public title=\"Public property\">table</span>: \"<span class=sf-dump-str title=\"15 characters\">sc_cms_category</span>\"
  #<span class=sf-dump-protected title=\"Protected property\">guarded</span>: []
  #<span class=sf-dump-protected title=\"Protected property\">connection</span>: \"<span class=sf-dump-str title=\"5 characters\">mysql</span>\"
  #<span class=sf-dump-protected title=\"Protected property\">sc_parent</span>: \"\"
  #<span class=sf-dump-protected title=\"Protected property\">primaryKey</span>: \"<span class=sf-dump-str title=\"2 characters\">id</span>\"
  #<span class=sf-dump-protected title=\"Protected property\">keyType</span>: \"<span class=sf-dump-str title=\"3 characters\">int</span>\"
  +<span class=sf-dump-public title=\"Public property\">incrementing</span>: <span class=sf-dump-const>true</span>
  #<span class=sf-dump-protected title=\"Protected property\">with</span>: []
  #<span class=sf-dump-protected title=\"Protected property\">withCount</span>: []
  +<span class=sf-dump-public title=\"Public property\">preventsLazyLoading</span>: <span class=sf-dump-const>false</span>
  #<span class=sf-dump-protected title=\"Protected property\">perPage</span>: <span class=sf-dump-num>15</span>
  +<span class=sf-dump-public title=\"Public property\">exists</span>: <span class=sf-dump-const>false</span>
  +<span class=sf-dump-public title=\"Public property\">wasRecentlyCreated</span>: <span class=sf-dump-const>false</span>
  #<span class=sf-dump-protected title=\"Protected property\">attributes</span>: []
  #<span class=sf-dump-protected title=\"Protected property\">original</span>: []
  #<span class=sf-dump-protected title=\"Protected property\">changes</span>: []
  #<span class=sf-dump-protected title=\"Protected property\">casts</span>: []
  #<span class=sf-dump-protected title=\"Protected property\">classCastCache</span>: []
  #<span class=sf-dump-protected title=\"Protected property\">dates</span>: []
  #<span class=sf-dump-protected title=\"Protected property\">dateFormat</span>: <span class=sf-dump-const>null</span>
  #<span class=sf-dump-protected title=\"Protected property\">appends</span>: []
  #<span class=sf-dump-protected title=\"Protected property\">dispatchesEvents</span>: []
  #<span class=sf-dump-protected title=\"Protected property\">observables</span>: []
  #<span class=sf-dump-protected title=\"Protected property\">relations</span>: []
  #<span class=sf-dump-protected title=\"Protected property\">touches</span>: []
  #<span class=sf-dump-protected title=\"Protected property\">hidden</span>: []
  #<span class=sf-dump-protected title=\"Protected property\">visible</span>: []
  #<span class=sf-dump-protected title=\"Protected property\">fillable</span>: []
  #<span class=sf-dump-protected title=\"Protected property\">sc_limit</span>: \"<span class=sf-dump-str title=\"3 characters\">all</span>\"
  #<span class=sf-dump-protected title=\"Protected property\">sc_paginate</span>: <span class=sf-dump-num>0</span>
  #<span class=sf-dump-protected title=\"Protected property\">sc_sort</span>: []
  #<span class=sf-dump-protected title=\"Protected property\">sc_moreWhere</span>: []
  #<span class=sf-dump-protected title=\"Protected property\">sc_random</span>: <span class=sf-dump-num>0</span>
  #<span class=sf-dump-protected title=\"Protected property\">sc_keyword</span>: \"\"
</samp>}
</pre><script>Sfdump(\"sf-dump-1235884837\", {\"maxDepth\":3,\"maxStringLength\":160})</script>
","modelCmsContent":"<pre class=sf-dump id=sf-dump-589246368 data-indent-pad=\"  \"><span class=sf-dump-note>App\\Plugins\\Cms\\Content\\Models\\CmsContent</span> {<a class=sf-dump-ref>#260</a><samp data-depth=1 class=sf-dump-expanded>
  +<span class=sf-dump-public title=\"Public property\">table</span>: \"<span class=sf-dump-str title=\"14 characters\">sc_cms_content</span>\"
  #<span class=sf-dump-protected title=\"Protected property\">guarded</span>: []
  #<span class=sf-dump-protected title=\"Protected property\">connection</span>: \"<span class=sf-dump-str title=\"5 characters\">mysql</span>\"
  #<span class=sf-dump-protected title=\"Protected property\">sc_category</span>: []
  #<span class=sf-dump-protected title=\"Protected property\">primaryKey</span>: \"<span class=sf-dump-str title=\"2 characters\">id</span>\"
  #<span class=sf-dump-protected title=\"Protected property\">keyType</span>: \"<span class=sf-dump-str title=\"3 characters\">int</span>\"
  +<span class=sf-dump-public title=\"Public property\">incrementing</span>: <span class=sf-dump-const>true</span>
  #<span class=sf-dump-protected title=\"Protected property\">with</span>: []
  #<span class=sf-dump-protected title=\"Protected property\">withCount</span>: []
  +<span class=sf-dump-public title=\"Public property\">preventsLazyLoading</span>: <span class=sf-dump-const>false</span>
  #<span class=sf-dump-protected title=\"Protected property\">perPage</span>: <span class=sf-dump-num>15</span>
  +<span class=sf-dump-public title=\"Public property\">exists</span>: <span class=sf-dump-const>false</span>
  +<span class=sf-dump-public title=\"Public property\">wasRecentlyCreated</span>: <span class=sf-dump-const>false</span>
  #<span class=sf-dump-protected title=\"Protected property\">attributes</span>: []
  #<span class=sf-dump-protected title=\"Protected property\">original</span>: []
  #<span class=sf-dump-protected title=\"Protected property\">changes</span>: []
  #<span class=sf-dump-protected title=\"Protected property\">casts</span>: []
  #<span class=sf-dump-protected title=\"Protected property\">classCastCache</span>: []
  #<span class=sf-dump-protected title=\"Protected property\">dates</span>: []
  #<span class=sf-dump-protected title=\"Protected property\">dateFormat</span>: <span class=sf-dump-const>null</span>
  #<span class=sf-dump-protected title=\"Protected property\">appends</span>: []
  #<span class=sf-dump-protected title=\"Protected property\">dispatchesEvents</span>: []
  #<span class=sf-dump-protected title=\"Protected property\">observables</span>: []
  #<span class=sf-dump-protected title=\"Protected property\">relations</span>: []
  #<span class=sf-dump-protected title=\"Protected property\">touches</span>: []
  +<span class=sf-dump-public title=\"Public property\">timestamps</span>: <span class=sf-dump-const>true</span>
  #<span class=sf-dump-protected title=\"Protected property\">hidden</span>: []
  #<span class=sf-dump-protected title=\"Protected property\">visible</span>: []
  #<span class=sf-dump-protected title=\"Protected property\">fillable</span>: []
  #<span class=sf-dump-protected title=\"Protected property\">sc_limit</span>: \"<span class=sf-dump-str title=\"3 characters\">all</span>\"
  #<span class=sf-dump-protected title=\"Protected property\">sc_paginate</span>: <span class=sf-dump-num>0</span>
  #<span class=sf-dump-protected title=\"Protected property\">sc_sort</span>: []
  #<span class=sf-dump-protected title=\"Protected property\">sc_moreWhere</span>: []
  #<span class=sf-dump-protected title=\"Protected property\">sc_random</span>: <span class=sf-dump-num>0</span>
  #<span class=sf-dump-protected title=\"Protected property\">sc_keyword</span>: \"\"
</samp>}
</pre><script>Sfdump(\"sf-dump-589246368\", {\"maxDepth\":3,\"maxStringLength\":160})</script>
","sc_languages":"<pre class=sf-dump id=sf-dump-1569994982 data-indent-pad=\"  \"><span class=sf-dump-note>Illuminate\\Database\\Eloquent\\Collection</span> {<a class=sf-dump-ref>#294</a><samp data-depth=1 class=sf-dump-expanded>
  #<span class=sf-dump-protected title=\"Protected property\">items</span>: <span class=sf-dump-note>array:1</span> [<samp data-depth=2 class=sf-dump-compact>
    \"<span class=sf-dump-key>en</span>\" => <span class=sf-dump-note title=\"SCart\\Core\\Front\\Models\\ShopLanguage
\"><span class=\"sf-dump-ellipsis sf-dump-ellipsis-note\">SCart\\Core\\Front\\Models</span><span class=\"sf-dump-ellipsis sf-dump-ellipsis-note\">\\</span>ShopLanguage</span> {<a class=sf-dump-ref>#297</a><samp data-depth=3 class=sf-dump-compact>
      +<span class=sf-dump-public title=\"Public property\">table</span>: \"<span class=sf-dump-str title=\"16 characters\">sc_shop_language</span>\"
      +<span class=sf-dump-public title=\"Public property\">timestamps</span>: <span class=sf-dump-const>false</span>
      #<span class=sf-dump-protected title=\"Protected property\">guarded</span>: []
      #<span class=sf-dump-protected title=\"Protected property\">connection</span>: \"<span class=sf-dump-str title=\"5 characters\">mysql</span>\"
      #<span class=sf-dump-protected title=\"Protected property\">primaryKey</span>: \"<span class=sf-dump-str title=\"2 characters\">id</span>\"
      #<span class=sf-dump-protected title=\"Protected property\">keyType</span>: \"<span class=sf-dump-str title=\"3 characters\">int</span>\"
      +<span class=sf-dump-public title=\"Public property\">incrementing</span>: <span class=sf-dump-const>true</span>
      #<span class=sf-dump-protected title=\"Protected property\">with</span>: []
      #<span class=sf-dump-protected title=\"Protected property\">withCount</span>: []
      +<span class=sf-dump-public title=\"Public property\">preventsLazyLoading</span>: <span class=sf-dump-const>false</span>
      #<span class=sf-dump-protected title=\"Protected property\">perPage</span>: <span class=sf-dump-num>15</span>
      +<span class=sf-dump-public title=\"Public property\">exists</span>: <span class=sf-dump-const>true</span>
      +<span class=sf-dump-public title=\"Public property\">wasRecentlyCreated</span>: <span class=sf-dump-const>false</span>
      #<span class=sf-dump-protected title=\"Protected property\">attributes</span>: <span class=sf-dump-note>array:7</span> [ &hellip;7]
      #<span class=sf-dump-protected title=\"Protected property\">original</span>: <span class=sf-dump-note>array:7</span> [ &hellip;7]
      #<span class=sf-dump-protected title=\"Protected property\">changes</span>: []
      #<span class=sf-dump-protected title=\"Protected property\">casts</span>: []
      #<span class=sf-dump-protected title=\"Protected property\">classCastCache</span>: []
      #<span class=sf-dump-protected title=\"Protected property\">dates</span>: []
      #<span class=sf-dump-protected title=\"Protected property\">dateFormat</span>: <span class=sf-dump-const>null</span>
      #<span class=sf-dump-protected title=\"Protected property\">appends</span>: []
      #<span class=sf-dump-protected title=\"Protected property\">dispatchesEvents</span>: []
      #<span class=sf-dump-protected title=\"Protected property\">observables</span>: []
      #<span class=sf-dump-protected title=\"Protected property\">relations</span>: []
      #<span class=sf-dump-protected title=\"Protected property\">touches</span>: []
      #<span class=sf-dump-protected title=\"Protected property\">hidden</span>: []
      #<span class=sf-dump-protected title=\"Protected property\">visible</span>: []
      #<span class=sf-dump-protected title=\"Protected property\">fillable</span>: []
    </samp>}
  </samp>]
</samp>}
</pre><script>Sfdump(\"sf-dump-1569994982\", {\"maxDepth\":3,\"maxStringLength\":160})</script>
","sc_currencies":"<pre class=sf-dump id=sf-dump-96340808 data-indent-pad=\"  \"><span class=sf-dump-note>Illuminate\\Database\\Eloquent\\Collection</span> {<a class=sf-dump-ref>#317</a><samp data-depth=1 class=sf-dump-expanded>
  #<span class=sf-dump-protected title=\"Protected property\">items</span>: <span class=sf-dump-note>array:2</span> [<samp data-depth=2 class=sf-dump-compact>
    <span class=sf-dump-index>0</span> => <span class=sf-dump-note title=\"SCart\\Core\\Front\\Models\\ShopCurrency
\"><span class=\"sf-dump-ellipsis sf-dump-ellipsis-note\">SCart\\Core\\Front\\Models</span><span class=\"sf-dump-ellipsis sf-dump-ellipsis-note\">\\</span>ShopCurrency</span> {<a class=sf-dump-ref>#318</a><samp data-depth=3 class=sf-dump-compact>
      +<span class=sf-dump-public title=\"Public property\">table</span>: \"<span class=sf-dump-str title=\"16 characters\">sc_shop_currency</span>\"
      +<span class=sf-dump-public title=\"Public property\">timestamps</span>: <span class=sf-dump-const>false</span>
      #<span class=sf-dump-protected title=\"Protected property\">guarded</span>: []
      #<span class=sf-dump-protected title=\"Protected property\">connection</span>: \"<span class=sf-dump-str title=\"5 characters\">mysql</span>\"
      #<span class=sf-dump-protected title=\"Protected property\">primaryKey</span>: \"<span class=sf-dump-str title=\"2 characters\">id</span>\"
      #<span class=sf-dump-protected title=\"Protected property\">keyType</span>: \"<span class=sf-dump-str title=\"3 characters\">int</span>\"
      +<span class=sf-dump-public title=\"Public property\">incrementing</span>: <span class=sf-dump-const>true</span>
      #<span class=sf-dump-protected title=\"Protected property\">with</span>: []
      #<span class=sf-dump-protected title=\"Protected property\">withCount</span>: []
      +<span class=sf-dump-public title=\"Public property\">preventsLazyLoading</span>: <span class=sf-dump-const>false</span>
      #<span class=sf-dump-protected title=\"Protected property\">perPage</span>: <span class=sf-dump-num>15</span>
      +<span class=sf-dump-public title=\"Public property\">exists</span>: <span class=sf-dump-const>true</span>
      +<span class=sf-dump-public title=\"Public property\">wasRecentlyCreated</span>: <span class=sf-dump-const>false</span>
      #<span class=sf-dump-protected title=\"Protected property\">attributes</span>: <span class=sf-dump-note>array:10</span> [ &hellip;10]
      #<span class=sf-dump-protected title=\"Protected property\">original</span>: <span class=sf-dump-note>array:10</span> [ &hellip;10]
      #<span class=sf-dump-protected title=\"Protected property\">changes</span>: []
      #<span class=sf-dump-protected title=\"Protected property\">casts</span>: []
      #<span class=sf-dump-protected title=\"Protected property\">classCastCache</span>: []
      #<span class=sf-dump-protected title=\"Protected property\">dates</span>: []
      #<span class=sf-dump-protected title=\"Protected property\">dateFormat</span>: <span class=sf-dump-const>null</span>
      #<span class=sf-dump-protected title=\"Protected property\">appends</span>: []
      #<span class=sf-dump-protected title=\"Protected property\">dispatchesEvents</span>: []
      #<span class=sf-dump-protected title=\"Protected property\">observables</span>: []
      #<span class=sf-dump-protected title=\"Protected property\">relations</span>: []
      #<span class=sf-dump-protected title=\"Protected property\">touches</span>: []
      #<span class=sf-dump-protected title=\"Protected property\">hidden</span>: []
      #<span class=sf-dump-protected title=\"Protected property\">visible</span>: []
      #<span class=sf-dump-protected title=\"Protected property\">fillable</span>: []
    </samp>}
    <span class=sf-dump-index>1</span> => <span class=sf-dump-note title=\"SCart\\Core\\Front\\Models\\ShopCurrency
\"><span class=\"sf-dump-ellipsis sf-dump-ellipsis-note\">SCart\\Core\\Front\\Models</span><span class=\"sf-dump-ellipsis sf-dump-ellipsis-note\">\\</span>ShopCurrency</span> {<a class=sf-dump-ref>#319</a><samp data-depth=3 class=sf-dump-compact>
      +<span class=sf-dump-public title=\"Public property\">table</span>: \"<span class=sf-dump-str title=\"16 characters\">sc_shop_currency</span>\"
      +<span class=sf-dump-public title=\"Public property\">timestamps</span>: <span class=sf-dump-const>false</span>
      #<span class=sf-dump-protected title=\"Protected property\">guarded</span>: []
      #<span class=sf-dump-protected title=\"Protected property\">connection</span>: \"<span class=sf-dump-str title=\"5 characters\">mysql</span>\"
      #<span class=sf-dump-protected title=\"Protected property\">primaryKey</span>: \"<span class=sf-dump-str title=\"2 characters\">id</span>\"
      #<span class=sf-dump-protected title=\"Protected property\">keyType</span>: \"<span class=sf-dump-str title=\"3 characters\">int</span>\"
      +<span class=sf-dump-public title=\"Public property\">incrementing</span>: <span class=sf-dump-const>true</span>
      #<span class=sf-dump-protected title=\"Protected property\">with</span>: []
      #<span class=sf-dump-protected title=\"Protected property\">withCount</span>: []
      +<span class=sf-dump-public title=\"Public property\">preventsLazyLoading</span>: <span class=sf-dump-const>false</span>
      #<span class=sf-dump-protected title=\"Protected property\">perPage</span>: <span class=sf-dump-num>15</span>
      +<span class=sf-dump-public title=\"Public property\">exists</span>: <span class=sf-dump-const>true</span>
      +<span class=sf-dump-public title=\"Public property\">wasRecentlyCreated</span>: <span class=sf-dump-const>false</span>
      #<span class=sf-dump-protected title=\"Protected property\">attributes</span>: <span class=sf-dump-note>array:10</span> [ &hellip;10]
      #<span class=sf-dump-protected title=\"Protected property\">original</span>: <span class=sf-dump-note>array:10</span> [ &hellip;10]
      #<span class=sf-dump-protected title=\"Protected property\">changes</span>: []
      #<span class=sf-dump-protected title=\"Protected property\">casts</span>: []
      #<span class=sf-dump-protected title=\"Protected property\">classCastCache</span>: []
      #<span class=sf-dump-protected title=\"Protected property\">dates</span>: []
      #<span class=sf-dump-protected title=\"Protected property\">dateFormat</span>: <span class=sf-dump-const>null</span>
      #<span class=sf-dump-protected title=\"Protected property\">appends</span>: []
      #<span class=sf-dump-protected title=\"Protected property\">dispatchesEvents</span>: []
      #<span class=sf-dump-protected title=\"Protected property\">observables</span>: []
      #<span class=sf-dump-protected title=\"Protected property\">relations</span>: []
      #<span class=sf-dump-protected title=\"Protected property\">touches</span>: []
      #<span class=sf-dump-protected title=\"Protected property\">hidden</span>: []
      #<span class=sf-dump-protected title=\"Protected property\">visible</span>: []
      #<span class=sf-dump-protected title=\"Protected property\">fillable</span>: []
    </samp>}
  </samp>]
</samp>}
</pre><script>Sfdump(\"sf-dump-96340808\", {\"maxDepth\":3,\"maxStringLength\":160})</script>
","sc_blocksContent":"<pre class=sf-dump id=sf-dump-1018239916 data-indent-pad=\"  \"><span class=sf-dump-note>Illuminate\\Database\\Eloquent\\Collection</span> {<a class=sf-dump-ref>#323</a><samp data-depth=1 class=sf-dump-expanded>
  #<span class=sf-dump-protected title=\"Protected property\">items</span>: <span class=sf-dump-note>array:5</span> [<samp data-depth=2 class=sf-dump-compact>
    \"<span class=sf-dump-key>top</span>\" => <span class=sf-dump-note title=\"Illuminate\\Database\\Eloquent\\Collection
\"><span class=\"sf-dump-ellipsis sf-dump-ellipsis-note\">Illuminate\\Database\\Eloquent</span><span class=\"sf-dump-ellipsis sf-dump-ellipsis-note\">\\</span>Collection</span> {<a class=sf-dump-ref>#304</a><samp data-depth=3 class=sf-dump-compact>
      #<span class=sf-dump-protected title=\"Protected property\">items</span>: <span class=sf-dump-note>array:1</span> [ &hellip;1]
    </samp>}
    \"<span class=sf-dump-key>header</span>\" => <span class=sf-dump-note title=\"Illuminate\\Database\\Eloquent\\Collection
\"><span class=\"sf-dump-ellipsis sf-dump-ellipsis-note\">Illuminate\\Database\\Eloquent</span><span class=\"sf-dump-ellipsis sf-dump-ellipsis-note\">\\</span>Collection</span> {<a class=sf-dump-ref>#308</a><samp data-depth=3 class=sf-dump-compact>
      #<span class=sf-dump-protected title=\"Protected property\">items</span>: <span class=sf-dump-note>array:1</span> [ &hellip;1]
    </samp>}
    \"<span class=sf-dump-key>banner_top</span>\" => <span class=sf-dump-note title=\"Illuminate\\Database\\Eloquent\\Collection
\"><span class=\"sf-dump-ellipsis sf-dump-ellipsis-note\">Illuminate\\Database\\Eloquent</span><span class=\"sf-dump-ellipsis sf-dump-ellipsis-note\">\\</span>Collection</span> {<a class=sf-dump-ref>#326</a><samp data-depth=3 class=sf-dump-compact>
      #<span class=sf-dump-protected title=\"Protected property\">items</span>: <span class=sf-dump-note>array:1</span> [ &hellip;1]
    </samp>}
    \"<span class=sf-dump-key>left</span>\" => <span class=sf-dump-note title=\"Illuminate\\Database\\Eloquent\\Collection
\"><span class=\"sf-dump-ellipsis sf-dump-ellipsis-note\">Illuminate\\Database\\Eloquent</span><span class=\"sf-dump-ellipsis sf-dump-ellipsis-note\">\\</span>Collection</span> {<a class=sf-dump-ref>#325</a><samp data-depth=3 class=sf-dump-compact>
      #<span class=sf-dump-protected title=\"Protected property\">items</span>: <span class=sf-dump-note>array:4</span> [ &hellip;4]
    </samp>}
    \"<span class=sf-dump-key>bottom</span>\" => <span class=sf-dump-note title=\"Illuminate\\Database\\Eloquent\\Collection
\"><span class=\"sf-dump-ellipsis sf-dump-ellipsis-note\">Illuminate\\Database\\Eloquent</span><span class=\"sf-dump-ellipsis sf-dump-ellipsis-note\">\\</span>Collection</span> {<a class=sf-dump-ref>#324</a><samp data-depth=3 class=sf-dump-compact>
      #<span class=sf-dump-protected title=\"Protected property\">items</span>: <span class=sf-dump-note>array:2</span> [ &hellip;2]
    </samp>}
  </samp>]
</samp>}
</pre><script>Sfdump(\"sf-dump-1018239916\", {\"maxDepth\":3,\"maxStringLength\":160})</script>
","sc_layoutsUrl":"<pre class=sf-dump id=sf-dump-1321137885 data-indent-pad=\"  \"><span class=sf-dump-note>Illuminate\\Database\\Eloquent\\Collection</span> {<a class=sf-dump-ref>#313</a><samp data-depth=1 class=sf-dump-expanded>
  #<span class=sf-dump-protected title=\"Protected property\">items</span>: <span class=sf-dump-note>array:2</span> [<samp data-depth=2 class=sf-dump-compact>
    \"<span class=sf-dump-key>menu</span>\" => <span class=sf-dump-note title=\"Illuminate\\Database\\Eloquent\\Collection
\"><span class=\"sf-dump-ellipsis sf-dump-ellipsis-note\">Illuminate\\Database\\Eloquent</span><span class=\"sf-dump-ellipsis sf-dump-ellipsis-note\">\\</span>Collection</span> {<a class=sf-dump-ref>#340</a><samp data-depth=3 class=sf-dump-compact>
      #<span class=sf-dump-protected title=\"Protected property\">items</span>: <span class=sf-dump-note>array:3</span> [ &hellip;3]
    </samp>}
    \"<span class=sf-dump-key>footer</span>\" => <span class=sf-dump-note title=\"Illuminate\\Database\\Eloquent\\Collection
\"><span class=\"sf-dump-ellipsis sf-dump-ellipsis-note\">Illuminate\\Database\\Eloquent</span><span class=\"sf-dump-ellipsis sf-dump-ellipsis-note\">\\</span>Collection</span> {<a class=sf-dump-ref>#305</a><samp data-depth=3 class=sf-dump-compact>
      #<span class=sf-dump-protected title=\"Protected property\">items</span>: <span class=sf-dump-note>array:3</span> [ &hellip;3]
    </samp>}
  </samp>]
</samp>}
</pre><script>Sfdump(\"sf-dump-1321137885\", {\"maxDepth\":3,\"maxStringLength\":160})</script>
","sc_templatePath":"<pre class=sf-dump id=sf-dump-182958443 data-indent-pad=\"  \">\"<span class=sf-dump-str title=\"21 characters\">templates.danjoutheme</span>\"
</pre><script>Sfdump(\"sf-dump-182958443\", {\"maxDepth\":3,\"maxStringLength\":160})</script>
","sc_templateFile":"<pre class=sf-dump id=sf-dump-1665141926 data-indent-pad=\"  \">\"<span class=sf-dump-str title=\"21 characters\">templates/danjoutheme</span>\"
</pre><script>Sfdump(\"sf-dump-1665141926\", {\"maxDepth\":3,\"maxStringLength\":160})</script>
","modelProduct":"<pre class=sf-dump id=sf-dump-722323249 data-indent-pad=\"  \"><span class=sf-dump-note>SCart\\Core\\Front\\Models\\ShopProduct</span> {<a class=sf-dump-ref>#328</a><samp data-depth=1 class=sf-dump-expanded>
  +<span class=sf-dump-public title=\"Public property\">table</span>: \"<span class=sf-dump-str title=\"15 characters\">sc_shop_product</span>\"
  #<span class=sf-dump-protected title=\"Protected property\">guarded</span>: []
  #<span class=sf-dump-protected title=\"Protected property\">connection</span>: \"<span class=sf-dump-str title=\"5 characters\">mysql</span>\"
  #<span class=sf-dump-protected title=\"Protected property\">sc_kind</span>: []
  #<span class=sf-dump-protected title=\"Protected property\">sc_property</span>: \"<span class=sf-dump-str title=\"3 characters\">all</span>\"
  #<span class=sf-dump-protected title=\"Protected property\">sc_promotion</span>: <span class=sf-dump-num>0</span>
  #<span class=sf-dump-protected title=\"Protected property\">sc_store_id</span>: <span class=sf-dump-num>0</span>
  #<span class=sf-dump-protected title=\"Protected property\">sc_array_ID</span>: []
  #<span class=sf-dump-protected title=\"Protected property\">sc_category</span>: []
  #<span class=sf-dump-protected title=\"Protected property\">sc_category_vendor</span>: []
  #<span class=sf-dump-protected title=\"Protected property\">sc_brand</span>: []
  #<span class=sf-dump-protected title=\"Protected property\">sc_supplier</span>: []
  #<span class=sf-dump-protected title=\"Protected property\">primaryKey</span>: \"<span class=sf-dump-str title=\"2 characters\">id</span>\"
  #<span class=sf-dump-protected title=\"Protected property\">keyType</span>: \"<span class=sf-dump-str title=\"3 characters\">int</span>\"
  +<span class=sf-dump-public title=\"Public property\">incrementing</span>: <span class=sf-dump-const>true</span>
  #<span class=sf-dump-protected title=\"Protected property\">with</span>: []
  #<span class=sf-dump-protected title=\"Protected property\">withCount</span>: []
  +<span class=sf-dump-public title=\"Public property\">preventsLazyLoading</span>: <span class=sf-dump-const>false</span>
  #<span class=sf-dump-protected title=\"Protected property\">perPage</span>: <span class=sf-dump-num>15</span>
  +<span class=sf-dump-public title=\"Public property\">exists</span>: <span class=sf-dump-const>false</span>
  +<span class=sf-dump-public title=\"Public property\">wasRecentlyCreated</span>: <span class=sf-dump-const>false</span>
  #<span class=sf-dump-protected title=\"Protected property\">attributes</span>: []
  #<span class=sf-dump-protected title=\"Protected property\">original</span>: []
  #<span class=sf-dump-protected title=\"Protected property\">changes</span>: []
  #<span class=sf-dump-protected title=\"Protected property\">casts</span>: []
  #<span class=sf-dump-protected title=\"Protected property\">classCastCache</span>: []
  #<span class=sf-dump-protected title=\"Protected property\">dates</span>: []
  #<span class=sf-dump-protected title=\"Protected property\">dateFormat</span>: <span class=sf-dump-const>null</span>
  #<span class=sf-dump-protected title=\"Protected property\">appends</span>: []
  #<span class=sf-dump-protected title=\"Protected property\">dispatchesEvents</span>: []
  #<span class=sf-dump-protected title=\"Protected property\">observables</span>: []
  #<span class=sf-dump-protected title=\"Protected property\">relations</span>: []
  #<span class=sf-dump-protected title=\"Protected property\">touches</span>: []
  +<span class=sf-dump-public title=\"Public property\">timestamps</span>: <span class=sf-dump-const>true</span>
  #<span class=sf-dump-protected title=\"Protected property\">hidden</span>: []
  #<span class=sf-dump-protected title=\"Protected property\">visible</span>: []
  #<span class=sf-dump-protected title=\"Protected property\">fillable</span>: []
  #<span class=sf-dump-protected title=\"Protected property\">sc_limit</span>: \"<span class=sf-dump-str title=\"3 characters\">all</span>\"
  #<span class=sf-dump-protected title=\"Protected property\">sc_paginate</span>: <span class=sf-dump-num>0</span>
  #<span class=sf-dump-protected title=\"Protected property\">sc_sort</span>: []
  #<span class=sf-dump-protected title=\"Protected property\">sc_moreWhere</span>: []
  #<span class=sf-dump-protected title=\"Protected property\">sc_random</span>: <span class=sf-dump-num>0</span>
  #<span class=sf-dump-protected title=\"Protected property\">sc_keyword</span>: \"\"
</samp>}
</pre><script>Sfdump(\"sf-dump-722323249\", {\"maxDepth\":3,\"maxStringLength\":160})</script>
","modelCategory":"<pre class=sf-dump id=sf-dump-1707623593 data-indent-pad=\"  \"><span class=sf-dump-note>SCart\\Core\\Front\\Models\\ShopCategory</span> {<a class=sf-dump-ref>#310</a><samp data-depth=1 class=sf-dump-expanded>
  +<span class=sf-dump-public title=\"Public property\">timestamps</span>: <span class=sf-dump-const>false</span>
  +<span class=sf-dump-public title=\"Public property\">table</span>: \"<span class=sf-dump-str title=\"16 characters\">sc_shop_category</span>\"
  #<span class=sf-dump-protected title=\"Protected property\">guarded</span>: []
  #<span class=sf-dump-protected title=\"Protected property\">connection</span>: \"<span class=sf-dump-str title=\"5 characters\">mysql</span>\"
  #<span class=sf-dump-protected title=\"Protected property\">sc_parent</span>: \"\"
  #<span class=sf-dump-protected title=\"Protected property\">sc_top</span>: \"<span class=sf-dump-str title=\"3 characters\">all</span>\"
  #<span class=sf-dump-protected title=\"Protected property\">primaryKey</span>: \"<span class=sf-dump-str title=\"2 characters\">id</span>\"
  #<span class=sf-dump-protected title=\"Protected property\">keyType</span>: \"<span class=sf-dump-str title=\"3 characters\">int</span>\"
  +<span class=sf-dump-public title=\"Public property\">incrementing</span>: <span class=sf-dump-const>true</span>
  #<span class=sf-dump-protected title=\"Protected property\">with</span>: []
  #<span class=sf-dump-protected title=\"Protected property\">withCount</span>: []
  +<span class=sf-dump-public title=\"Public property\">preventsLazyLoading</span>: <span class=sf-dump-const>false</span>
  #<span class=sf-dump-protected title=\"Protected property\">perPage</span>: <span class=sf-dump-num>15</span>
  +<span class=sf-dump-public title=\"Public property\">exists</span>: <span class=sf-dump-const>false</span>
  +<span class=sf-dump-public title=\"Public property\">wasRecentlyCreated</span>: <span class=sf-dump-const>false</span>
  #<span class=sf-dump-protected title=\"Protected property\">attributes</span>: []
  #<span class=sf-dump-protected title=\"Protected property\">original</span>: []
  #<span class=sf-dump-protected title=\"Protected property\">changes</span>: []
  #<span class=sf-dump-protected title=\"Protected property\">casts</span>: []
  #<span class=sf-dump-protected title=\"Protected property\">classCastCache</span>: []
  #<span class=sf-dump-protected title=\"Protected property\">dates</span>: []
  #<span class=sf-dump-protected title=\"Protected property\">dateFormat</span>: <span class=sf-dump-const>null</span>
  #<span class=sf-dump-protected title=\"Protected property\">appends</span>: []
  #<span class=sf-dump-protected title=\"Protected property\">dispatchesEvents</span>: []
  #<span class=sf-dump-protected title=\"Protected property\">observables</span>: []
  #<span class=sf-dump-protected title=\"Protected property\">relations</span>: []
  #<span class=sf-dump-protected title=\"Protected property\">touches</span>: []
  #<span class=sf-dump-protected title=\"Protected property\">hidden</span>: []
  #<span class=sf-dump-protected title=\"Protected property\">visible</span>: []
  #<span class=sf-dump-protected title=\"Protected property\">fillable</span>: []
  #<span class=sf-dump-protected title=\"Protected property\">sc_limit</span>: \"<span class=sf-dump-str title=\"3 characters\">all</span>\"
  #<span class=sf-dump-protected title=\"Protected property\">sc_paginate</span>: <span class=sf-dump-num>0</span>
  #<span class=sf-dump-protected title=\"Protected property\">sc_sort</span>: []
  #<span class=sf-dump-protected title=\"Protected property\">sc_moreWhere</span>: []
  #<span class=sf-dump-protected title=\"Protected property\">sc_random</span>: <span class=sf-dump-num>0</span>
  #<span class=sf-dump-protected title=\"Protected property\">sc_keyword</span>: \"\"
</samp>}
</pre><script>Sfdump(\"sf-dump-1707623593\", {\"maxDepth\":3,\"maxStringLength\":160})</script>
","modelBanner":"<pre class=sf-dump id=sf-dump-764836741 data-indent-pad=\"  \"><span class=sf-dump-note>SCart\\Core\\Front\\Models\\ShopBanner</span> {<a class=sf-dump-ref>#320</a><samp data-depth=1 class=sf-dump-expanded>
  +<span class=sf-dump-public title=\"Public property\">table</span>: \"<span class=sf-dump-str title=\"14 characters\">sc_shop_banner</span>\"
  #<span class=sf-dump-protected title=\"Protected property\">guarded</span>: []
  #<span class=sf-dump-protected title=\"Protected property\">connection</span>: \"<span class=sf-dump-str title=\"5 characters\">mysql</span>\"
  #<span class=sf-dump-protected title=\"Protected property\">sc_type</span>: \"<span class=sf-dump-str title=\"3 characters\">all</span>\"
  #<span class=sf-dump-protected title=\"Protected property\">sc_store</span>: <span class=sf-dump-num>0</span>
  #<span class=sf-dump-protected title=\"Protected property\">primaryKey</span>: \"<span class=sf-dump-str title=\"2 characters\">id</span>\"
  #<span class=sf-dump-protected title=\"Protected property\">keyType</span>: \"<span class=sf-dump-str title=\"3 characters\">int</span>\"
  +<span class=sf-dump-public title=\"Public property\">incrementing</span>: <span class=sf-dump-const>true</span>
  #<span class=sf-dump-protected title=\"Protected property\">with</span>: []
  #<span class=sf-dump-protected title=\"Protected property\">withCount</span>: []
  +<span class=sf-dump-public title=\"Public property\">preventsLazyLoading</span>: <span class=sf-dump-const>false</span>
  #<span class=sf-dump-protected title=\"Protected property\">perPage</span>: <span class=sf-dump-num>15</span>
  +<span class=sf-dump-public title=\"Public property\">exists</span>: <span class=sf-dump-const>false</span>
  +<span class=sf-dump-public title=\"Public property\">wasRecentlyCreated</span>: <span class=sf-dump-const>false</span>
  #<span class=sf-dump-protected title=\"Protected property\">attributes</span>: []
  #<span class=sf-dump-protected title=\"Protected property\">original</span>: []
  #<span class=sf-dump-protected title=\"Protected property\">changes</span>: []
  #<span class=sf-dump-protected title=\"Protected property\">casts</span>: []
  #<span class=sf-dump-protected title=\"Protected property\">classCastCache</span>: []
  #<span class=sf-dump-protected title=\"Protected property\">dates</span>: []
  #<span class=sf-dump-protected title=\"Protected property\">dateFormat</span>: <span class=sf-dump-const>null</span>
  #<span class=sf-dump-protected title=\"Protected property\">appends</span>: []
  #<span class=sf-dump-protected title=\"Protected property\">dispatchesEvents</span>: []
  #<span class=sf-dump-protected title=\"Protected property\">observables</span>: []
  #<span class=sf-dump-protected title=\"Protected property\">relations</span>: []
  #<span class=sf-dump-protected title=\"Protected property\">touches</span>: []
  +<span class=sf-dump-public title=\"Public property\">timestamps</span>: <span class=sf-dump-const>true</span>
  #<span class=sf-dump-protected title=\"Protected property\">hidden</span>: []
  #<span class=sf-dump-protected title=\"Protected property\">visible</span>: []
  #<span class=sf-dump-protected title=\"Protected property\">fillable</span>: []
  #<span class=sf-dump-protected title=\"Protected property\">sc_limit</span>: \"<span class=sf-dump-str title=\"3 characters\">all</span>\"
  #<span class=sf-dump-protected title=\"Protected property\">sc_paginate</span>: <span class=sf-dump-num>0</span>
  #<span class=sf-dump-protected title=\"Protected property\">sc_sort</span>: []
  #<span class=sf-dump-protected title=\"Protected property\">sc_moreWhere</span>: []
  #<span class=sf-dump-protected title=\"Protected property\">sc_random</span>: <span class=sf-dump-num>0</span>
  #<span class=sf-dump-protected title=\"Protected property\">sc_keyword</span>: \"\"
</samp>}
</pre><script>Sfdump(\"sf-dump-764836741\", {\"maxDepth\":3,\"maxStringLength\":160})</script>
","modelBrand":"<pre class=sf-dump id=sf-dump-106482358 data-indent-pad=\"  \"><span class=sf-dump-note>SCart\\Core\\Front\\Models\\ShopBrand</span> {<a class=sf-dump-ref>#295</a><samp data-depth=1 class=sf-dump-expanded>
  +<span class=sf-dump-public title=\"Public property\">timestamps</span>: <span class=sf-dump-const>false</span>
  +<span class=sf-dump-public title=\"Public property\">table</span>: \"<span class=sf-dump-str title=\"13 characters\">sc_shop_brand</span>\"
  #<span class=sf-dump-protected title=\"Protected property\">guarded</span>: []
  #<span class=sf-dump-protected title=\"Protected property\">connection</span>: \"<span class=sf-dump-str title=\"5 characters\">mysql</span>\"
  #<span class=sf-dump-protected title=\"Protected property\">primaryKey</span>: \"<span class=sf-dump-str title=\"2 characters\">id</span>\"
  #<span class=sf-dump-protected title=\"Protected property\">keyType</span>: \"<span class=sf-dump-str title=\"3 characters\">int</span>\"
  +<span class=sf-dump-public title=\"Public property\">incrementing</span>: <span class=sf-dump-const>true</span>
  #<span class=sf-dump-protected title=\"Protected property\">with</span>: []
  #<span class=sf-dump-protected title=\"Protected property\">withCount</span>: []
  +<span class=sf-dump-public title=\"Public property\">preventsLazyLoading</span>: <span class=sf-dump-const>false</span>
  #<span class=sf-dump-protected title=\"Protected property\">perPage</span>: <span class=sf-dump-num>15</span>
  +<span class=sf-dump-public title=\"Public property\">exists</span>: <span class=sf-dump-const>false</span>
  +<span class=sf-dump-public title=\"Public property\">wasRecentlyCreated</span>: <span class=sf-dump-const>false</span>
  #<span class=sf-dump-protected title=\"Protected property\">attributes</span>: []
  #<span class=sf-dump-protected title=\"Protected property\">original</span>: []
  #<span class=sf-dump-protected title=\"Protected property\">changes</span>: []
  #<span class=sf-dump-protected title=\"Protected property\">casts</span>: []
  #<span class=sf-dump-protected title=\"Protected property\">classCastCache</span>: []
  #<span class=sf-dump-protected title=\"Protected property\">dates</span>: []
  #<span class=sf-dump-protected title=\"Protected property\">dateFormat</span>: <span class=sf-dump-const>null</span>
  #<span class=sf-dump-protected title=\"Protected property\">appends</span>: []
  #<span class=sf-dump-protected title=\"Protected property\">dispatchesEvents</span>: []
  #<span class=sf-dump-protected title=\"Protected property\">observables</span>: []
  #<span class=sf-dump-protected title=\"Protected property\">relations</span>: []
  #<span class=sf-dump-protected title=\"Protected property\">touches</span>: []
  #<span class=sf-dump-protected title=\"Protected property\">hidden</span>: []
  #<span class=sf-dump-protected title=\"Protected property\">visible</span>: []
  #<span class=sf-dump-protected title=\"Protected property\">fillable</span>: []
  #<span class=sf-dump-protected title=\"Protected property\">sc_limit</span>: \"<span class=sf-dump-str title=\"3 characters\">all</span>\"
  #<span class=sf-dump-protected title=\"Protected property\">sc_paginate</span>: <span class=sf-dump-num>0</span>
  #<span class=sf-dump-protected title=\"Protected property\">sc_sort</span>: []
  #<span class=sf-dump-protected title=\"Protected property\">sc_moreWhere</span>: []
  #<span class=sf-dump-protected title=\"Protected property\">sc_random</span>: <span class=sf-dump-num>0</span>
  #<span class=sf-dump-protected title=\"Protected property\">sc_keyword</span>: \"\"
</samp>}
</pre><script>Sfdump(\"sf-dump-106482358\", {\"maxDepth\":3,\"maxStringLength\":160})</script>
","modelNews":"<pre class=sf-dump id=sf-dump-1000130444 data-indent-pad=\"  \"><span class=sf-dump-note>SCart\\Core\\Front\\Models\\ShopNews</span> {<a class=sf-dump-ref>#352</a><samp data-depth=1 class=sf-dump-expanded>
  +<span class=sf-dump-public title=\"Public property\">table</span>: \"<span class=sf-dump-str title=\"12 characters\">sc_shop_news</span>\"
  #<span class=sf-dump-protected title=\"Protected property\">guarded</span>: []
  #<span class=sf-dump-protected title=\"Protected property\">connection</span>: \"<span class=sf-dump-str title=\"5 characters\">mysql</span>\"
  #<span class=sf-dump-protected title=\"Protected property\">primaryKey</span>: \"<span class=sf-dump-str title=\"2 characters\">id</span>\"
  #<span class=sf-dump-protected title=\"Protected property\">keyType</span>: \"<span class=sf-dump-str title=\"3 characters\">int</span>\"
  +<span class=sf-dump-public title=\"Public property\">incrementing</span>: <span class=sf-dump-const>true</span>
  #<span class=sf-dump-protected title=\"Protected property\">with</span>: []
  #<span class=sf-dump-protected title=\"Protected property\">withCount</span>: []
  +<span class=sf-dump-public title=\"Public property\">preventsLazyLoading</span>: <span class=sf-dump-const>false</span>
  #<span class=sf-dump-protected title=\"Protected property\">perPage</span>: <span class=sf-dump-num>15</span>
  +<span class=sf-dump-public title=\"Public property\">exists</span>: <span class=sf-dump-const>false</span>
  +<span class=sf-dump-public title=\"Public property\">wasRecentlyCreated</span>: <span class=sf-dump-const>false</span>
  #<span class=sf-dump-protected title=\"Protected property\">attributes</span>: []
  #<span class=sf-dump-protected title=\"Protected property\">original</span>: []
  #<span class=sf-dump-protected title=\"Protected property\">changes</span>: []
  #<span class=sf-dump-protected title=\"Protected property\">casts</span>: []
  #<span class=sf-dump-protected title=\"Protected property\">classCastCache</span>: []
  #<span class=sf-dump-protected title=\"Protected property\">dates</span>: []
  #<span class=sf-dump-protected title=\"Protected property\">dateFormat</span>: <span class=sf-dump-const>null</span>
  #<span class=sf-dump-protected title=\"Protected property\">appends</span>: []
  #<span class=sf-dump-protected title=\"Protected property\">dispatchesEvents</span>: []
  #<span class=sf-dump-protected title=\"Protected property\">observables</span>: []
  #<span class=sf-dump-protected title=\"Protected property\">relations</span>: []
  #<span class=sf-dump-protected title=\"Protected property\">touches</span>: []
  +<span class=sf-dump-public title=\"Public property\">timestamps</span>: <span class=sf-dump-const>true</span>
  #<span class=sf-dump-protected title=\"Protected property\">hidden</span>: []
  #<span class=sf-dump-protected title=\"Protected property\">visible</span>: []
  #<span class=sf-dump-protected title=\"Protected property\">fillable</span>: []
  #<span class=sf-dump-protected title=\"Protected property\">sc_limit</span>: \"<span class=sf-dump-str title=\"3 characters\">all</span>\"
  #<span class=sf-dump-protected title=\"Protected property\">sc_paginate</span>: <span class=sf-dump-num>0</span>
  #<span class=sf-dump-protected title=\"Protected property\">sc_sort</span>: []
  #<span class=sf-dump-protected title=\"Protected property\">sc_moreWhere</span>: []
  #<span class=sf-dump-protected title=\"Protected property\">sc_random</span>: <span class=sf-dump-num>0</span>
  #<span class=sf-dump-protected title=\"Protected property\">sc_keyword</span>: \"\"
</samp>}
</pre><script>Sfdump(\"sf-dump-1000130444\", {\"maxDepth\":3,\"maxStringLength\":160})</script>
","modelPage":"<pre class=sf-dump id=sf-dump-1872563424 data-indent-pad=\"  \"><span class=sf-dump-note>SCart\\Core\\Front\\Models\\ShopPage</span> {<a class=sf-dump-ref>#355</a><samp data-depth=1 class=sf-dump-expanded>
  +<span class=sf-dump-public title=\"Public property\">timestamps</span>: <span class=sf-dump-const>false</span>
  +<span class=sf-dump-public title=\"Public property\">table</span>: \"<span class=sf-dump-str title=\"12 characters\">sc_shop_page</span>\"
  #<span class=sf-dump-protected title=\"Protected property\">connection</span>: \"<span class=sf-dump-str title=\"5 characters\">mysql</span>\"
  #<span class=sf-dump-protected title=\"Protected property\">guarded</span>: []
  #<span class=sf-dump-protected title=\"Protected property\">primaryKey</span>: \"<span class=sf-dump-str title=\"2 characters\">id</span>\"
  #<span class=sf-dump-protected title=\"Protected property\">keyType</span>: \"<span class=sf-dump-str title=\"3 characters\">int</span>\"
  +<span class=sf-dump-public title=\"Public property\">incrementing</span>: <span class=sf-dump-const>true</span>
  #<span class=sf-dump-protected title=\"Protected property\">with</span>: []
  #<span class=sf-dump-protected title=\"Protected property\">withCount</span>: []
  +<span class=sf-dump-public title=\"Public property\">preventsLazyLoading</span>: <span class=sf-dump-const>false</span>
  #<span class=sf-dump-protected title=\"Protected property\">perPage</span>: <span class=sf-dump-num>15</span>
  +<span class=sf-dump-public title=\"Public property\">exists</span>: <span class=sf-dump-const>false</span>
  +<span class=sf-dump-public title=\"Public property\">wasRecentlyCreated</span>: <span class=sf-dump-const>false</span>
  #<span class=sf-dump-protected title=\"Protected property\">attributes</span>: []
  #<span class=sf-dump-protected title=\"Protected property\">original</span>: []
  #<span class=sf-dump-protected title=\"Protected property\">changes</span>: []
  #<span class=sf-dump-protected title=\"Protected property\">casts</span>: []
  #<span class=sf-dump-protected title=\"Protected property\">classCastCache</span>: []
  #<span class=sf-dump-protected title=\"Protected property\">dates</span>: []
  #<span class=sf-dump-protected title=\"Protected property\">dateFormat</span>: <span class=sf-dump-const>null</span>
  #<span class=sf-dump-protected title=\"Protected property\">appends</span>: []
  #<span class=sf-dump-protected title=\"Protected property\">dispatchesEvents</span>: []
  #<span class=sf-dump-protected title=\"Protected property\">observables</span>: []
  #<span class=sf-dump-protected title=\"Protected property\">relations</span>: []
  #<span class=sf-dump-protected title=\"Protected property\">touches</span>: []
  #<span class=sf-dump-protected title=\"Protected property\">hidden</span>: []
  #<span class=sf-dump-protected title=\"Protected property\">visible</span>: []
  #<span class=sf-dump-protected title=\"Protected property\">fillable</span>: []
  #<span class=sf-dump-protected title=\"Protected property\">sc_limit</span>: \"<span class=sf-dump-str title=\"3 characters\">all</span>\"
  #<span class=sf-dump-protected title=\"Protected property\">sc_paginate</span>: <span class=sf-dump-num>0</span>
  #<span class=sf-dump-protected title=\"Protected property\">sc_sort</span>: []
  #<span class=sf-dump-protected title=\"Protected property\">sc_moreWhere</span>: []
  #<span class=sf-dump-protected title=\"Protected property\">sc_random</span>: <span class=sf-dump-num>0</span>
  #<span class=sf-dump-protected title=\"Protected property\">sc_keyword</span>: \"\"
</samp>}
</pre><script>Sfdump(\"sf-dump-1872563424\", {\"maxDepth\":3,\"maxStringLength\":160})</script>
","templatePathAdmin":"<pre class=sf-dump id=sf-dump-1092750152 data-indent-pad=\"  \">\"<span class=sf-dump-str title=\"14 characters\">s-cart-admin::</span>\"
</pre><script>Sfdump(\"sf-dump-1092750152\", {\"maxDepth\":3,\"maxStringLength\":160})</script>
","errors":"<pre class=sf-dump id=sf-dump-516975655 data-indent-pad=\"  \"><span class=sf-dump-note>Illuminate\\Support\\ViewErrorBag</span> {<a class=sf-dump-ref>#1237</a><samp data-depth=1 class=sf-dump-expanded>
  #<span class=sf-dump-protected title=\"Protected property\">bags</span>: []
</samp>}
</pre><script>Sfdump(\"sf-dump-516975655\", {\"maxDepth\":3,\"maxStringLength\":160})</script>
","title":"<pre class=sf-dump id=sf-dump-1498233639 data-indent-pad=\"  \">\"<span class=sf-dump-str title=\"36 characters\">Demo S-Cart : Free Laravel eCommerce</span>\"
</pre><script>Sfdump(\"sf-dump-1498233639\", {\"maxDepth\":3,\"maxStringLength\":160})</script>
","keyword":"<pre class=sf-dump id=sf-dump-997476376 data-indent-pad=\"  \">\"\"
</pre><script>Sfdump(\"sf-dump-997476376\", {\"maxDepth\":3,\"maxStringLength\":160})</script>
","description":"<pre class=sf-dump id=sf-dump-1647607193 data-indent-pad=\"  \">\"<span class=sf-dump-str title=\"39 characters\">Free website shopping cart for business</span>\"
</pre><script>Sfdump(\"sf-dump-1647607193\", {\"maxDepth\":3,\"maxStringLength\":160})</script>
","storeId":"<pre class=sf-dump id=sf-dump-602874001 data-indent-pad=\"  \"><span class=sf-dump-num>1</span>
</pre><script>Sfdump(\"sf-dump-602874001\", {\"maxDepth\":3,\"maxStringLength\":160})</script>
","layout_page":"<pre class=sf-dump id=sf-dump-1240469620 data-indent-pad=\"  \">\"<span class=sf-dump-str title=\"4 characters\">home</span>\"
</pre><script>Sfdump(\"sf-dump-1240469620\", {\"maxDepth\":3,\"maxStringLength\":160})</script>
"}},"exception":"[object] (Facade\\Ignition\\Exceptions\\ViewException(code: 0): syntax error, unexpected '\">' (T_CONSTANT_ENCAPSED_STRING), expecting ')' (View: /home/zack/Téléchargements/S-CART-FULL-6.4.1.1.6.4.1.1/s-cart/resources/views/templates/danjoutheme/main.blade.php) at /home/zack/Téléchargements/S-CART-FULL-6.4.1.1.6.4.1.1/s-cart/resources/views/templates/danjoutheme/main.blade.php:47)
[stacktrace]
#0 /home/zack/Téléchargements/S-CART-FULL-6.4.1.1.6.4.1.1/s-cart/vendor/laravel/framework/src/Illuminate/Filesystem/Filesystem.php(108): Illuminate\\Filesystem\\Filesystem::Illuminate\\Filesystem\\{closure}()
#1 /home/zack/Téléchargements/S-CART-FULL-6.4.1.1.6.4.1.1/s-cart/vendor/laravel/framework/src/Illuminate/View/Engines/PhpEngine.php(58): Illuminate\\Filesystem\\Filesystem->getRequire()
#2 /home/zack/Téléchargements/S-CART-FULL-6.4.1.1.6.4.1.1/s-cart/vendor/laravel/framework/src/Illuminate/View/Engines/CompilerEngine.php(61): Illuminate\\View\\Engines\\PhpEngine->evaluatePath()
#3 /home/zack/Téléchargements/S-CART-FULL-6.4.1.1.6.4.1.1/s-cart/vendor/facade/ignition/src/Views/Engines/CompilerEngine.php(37): Illuminate\\View\\Engines\\CompilerEngine->get()
#4 /home/zack/Téléchargements/S-CART-FULL-6.4.1.1.6.4.1.1/s-cart/vendor/laravel/framework/src/Illuminate/View/View.php(139): Facade\\Ignition\\Views\\Engines\\CompilerEngine->get()
#5 /home/zack/Téléchargements/S-CART-FULL-6.4.1.1.6.4.1.1/s-cart/vendor/laravel/framework/src/Illuminate/View/View.php(122): Illuminate\\View\\View->getContents()
#6 /home/zack/Téléchargements/S-CART-FULL-6.4.1.1.6.4.1.1/s-cart/vendor/laravel/framework/src/Illuminate/View/View.php(91): Illuminate\\View\\View->renderContents()
#7 /home/zack/Téléchargements/S-CART-FULL-6.4.1.1.6.4.1.1/s-cart/resources/views/templates/danjoutheme/layout.blade.php(6): Illuminate\\View\\View->render()
#8 /home/zack/Téléchargements/S-CART-FULL-6.4.1.1.6.4.1.1/s-cart/vendor/laravel/framework/src/Illuminate/Filesystem/Filesystem.php(107): require('/home/zack/T\\xC3\\xA9l...')
#9 /home/zack/Téléchargements/S-CART-FULL-6.4.1.1.6.4.1.1/s-cart/vendor/laravel/framework/src/Illuminate/Filesystem/Filesystem.php(108): Illuminate\\Filesystem\\Filesystem::Illuminate\\Filesystem\\{closure}()
#10 /home/zack/Téléchargements/S-CART-FULL-6.4.1.1.6.4.1.1/s-cart/vendor/laravel/framework/src/Illuminate/View/Engines/PhpEngine.php(58): Illuminate\\Filesystem\\Filesystem->getRequire()
#11 /home/zack/Téléchargements/S-CART-FULL-6.4.1.1.6.4.1.1/s-cart/vendor/laravel/framework/src/Illuminate/View/Engines/CompilerEngine.php(61): Illuminate\\View\\Engines\\PhpEngine->evaluatePath()
#12 /home/zack/Téléchargements/S-CART-FULL-6.4.1.1.6.4.1.1/s-cart/vendor/facade/ignition/src/Views/Engines/CompilerEngine.php(37): Illuminate\\View\\Engines\\CompilerEngine->get()
#13 /home/zack/Téléchargements/S-CART-FULL-6.4.1.1.6.4.1.1/s-cart/vendor/laravel/framework/src/Illuminate/View/View.php(139): Facade\\Ignition\\Views\\Engines\\CompilerEngine->get()
#14 /home/zack/Téléchargements/S-CART-FULL-6.4.1.1.6.4.1.1/s-cart/vendor/laravel/framework/src/Illuminate/View/View.php(122): Illuminate\\View\\View->getContents()
#15 /home/zack/Téléchargements/S-CART-FULL-6.4.1.1.6.4.1.1/s-cart/vendor/laravel/framework/src/Illuminate/View/View.php(91): Illuminate\\View\\View->renderContents()
#16 /home/zack/Téléchargements/S-CART-FULL-6.4.1.1.6.4.1.1/s-cart/resources/views/templates/danjoutheme/screen/home.blade.php(23): Illuminate\\View\\View->render()
#17 /home/zack/Téléchargements/S-CART-FULL-6.4.1.1.6.4.1.1/s-cart/vendor/laravel/framework/src/Illuminate/Filesystem/Filesystem.php(107): require('/home/zack/T\\xC3\\xA9l...')
#18 /home/zack/Téléchargements/S-CART-FULL-6.4.1.1.6.4.1.1/s-cart/vendor/laravel/framework/src/Illuminate/Filesystem/Filesystem.php(108): Illuminate\\Filesystem\\Filesystem::Illuminate\\Filesystem\\{closure}()
#19 /home/zack/Téléchargements/S-CART-FULL-6.4.1.1.6.4.1.1/s-cart/vendor/laravel/framework/src/Illuminate/View/Engines/PhpEngine.php(58): Illuminate\\Filesystem\\Filesystem->getRequire()
#20 /home/zack/Téléchargements/S-CART-FULL-6.4.1.1.6.4.1.1/s-cart/vendor/laravel/framework/src/Illuminate/View/Engines/CompilerEngine.php(61): Illuminate\\View\\Engines\\PhpEngine->evaluatePath()
#21 /home/zack/Téléchargements/S-CART-FULL-6.4.1.1.6.4.1.1/s-cart/vendor/facade/ignition/src/Views/Engines/CompilerEngine.php(37): Illuminate\\View\\Engines\\CompilerEngine->get()
#22 /home/zack/Téléchargements/S-CART-FULL-6.4.1.1.6.4.1.1/s-cart/vendor/laravel/framework/src/Illuminate/View/View.php(139): Facade\\Ignition\\Views\\Engines\\CompilerEngine->get()
#23 /home/zack/Téléchargements/S-CART-FULL-6.4.1.1.6.4.1.1/s-cart/vendor/laravel/framework/src/Illuminate/View/View.php(122): Illuminate\\View\\View->getContents()
#24 /home/zack/Téléchargements/S-CART-FULL-6.4.1.1.6.4.1.1/s-cart/vendor/laravel/framework/src/Illuminate/View/View.php(91): Illuminate\\View\\View->renderContents()
#25 /home/zack/Téléchargements/S-CART-FULL-6.4.1.1.6.4.1.1/s-cart/vendor/laravel/framework/src/Illuminate/Http/Response.php(69): Illuminate\\View\\View->render()
#26 /home/zack/Téléchargements/S-CART-FULL-6.4.1.1.6.4.1.1/s-cart/vendor/laravel/framework/src/Illuminate/Http/Response.php(35): Illuminate\\Http\\Response->setContent()
#27 /home/zack/Téléchargements/S-CART-FULL-6.4.1.1.6.4.1.1/s-cart/vendor/laravel/framework/src/Illuminate/Routing/Router.php(793): Illuminate\\Http\\Response->__construct()
#28 /home/zack/Téléchargements/S-CART-FULL-6.4.1.1.6.4.1.1/s-cart/vendor/laravel/framework/src/Illuminate/Routing/Router.php(763): Illuminate\\Routing\\Router::toResponse()
#29 /home/zack/Téléchargements/S-CART-FULL-6.4.1.1.6.4.1.1/s-cart/vendor/laravel/framework/src/Illuminate/Routing/Router.php(695): Illuminate\\Routing\\Router->prepareResponse()
#30 /home/zack/Téléchargements/S-CART-FULL-6.4.1.1.6.4.1.1/s-cart/vendor/laravel/framework/src/Illuminate/Pipeline/Pipeline.php(128): Illuminate\\Routing\\Router->Illuminate\\Routing\\{closure}()
#31 /home/zack/Téléchargements/S-CART-FULL-6.4.1.1.6.4.1.1/s-cart/vendor/s-cart/core/src/Front/Middleware/CheckDomain.php(41): Illuminate\\Pipeline\\Pipeline->Illuminate\\Pipeline\\{closure}()
#32 /home/zack/Téléchargements/S-CART-FULL-6.4.1.1.6.4.1.1/s-cart/vendor/laravel/framework/src/Illuminate/Pipeline/Pipeline.php(167): SCart\\Core\\Front\\Middleware\\CheckDomain->handle()
#33 /home/zack/Téléchargements/S-CART-FULL-6.4.1.1.6.4.1.1/s-cart/vendor/s-cart/core/src/Front/Middleware/Currency.php(25): Illuminate\\Pipeline\\Pipeline->Illuminate\\Pipeline\\{closure}()
#34 /home/zack/Téléchargements/S-CART-FULL-6.4.1.1.6.4.1.1/s-cart/vendor/laravel/framework/src/Illuminate/Pipeline/Pipeline.php(167): SCart\\Core\\Front\\Middleware\\Currency->handle()
#35 /home/zack/Téléchargements/S-CART-FULL-6.4.1.1.6.4.1.1/s-cart/vendor/s-cart/core/src/Front/Middleware/Localization.php(31): Illuminate\\Pipeline\\Pipeline->Illuminate\\Pipeline\\{closure}()
#36 /home/zack/Téléchargements/S-CART-FULL-6.4.1.1.6.4.1.1/s-cart/vendor/laravel/framework/src/Illuminate/Pipeline/Pipeline.php(167): SCart\\Core\\Front\\Middleware\\Localization->handle()
#37 /home/zack/Téléchargements/S-CART-FULL-6.4.1.1.6.4.1.1/s-cart/vendor/laravel/framework/src/Illuminate/Routing/Middleware/SubstituteBindings.php(50): Illuminate\\Pipeline\\Pipeline->Illuminate\\Pipeline\\{closure}()
#38 /home/zack/Téléchargements/S-CART-FULL-6.4.1.1.6.4.1.1/s-cart/vendor/laravel/framework/src/Illuminate/Pipeline/Pipeline.php(167): Illuminate\\Routing\\Middleware\\SubstituteBindings->handle()
#39 /home/zack/Téléchargements/S-CART-FULL-6.4.1.1.6.4.1.1/s-cart/vendor/laravel/framework/src/Illuminate/Foundation/Http/Middleware/VerifyCsrfToken.php(78): Illuminate\\Pipeline\\Pipeline->Illuminate\\Pipeline\\{closure}()
#40 /home/zack/Téléchargements/S-CART-FULL-6.4.1.1.6.4.1.1/s-cart/vendor/laravel/framework/src/Illuminate/Pipeline/Pipeline.php(167): Illuminate\\Foundation\\Http\\Middleware\\VerifyCsrfToken->handle()
#41 /home/zack/Téléchargements/S-CART-FULL-6.4.1.1.6.4.1.1/s-cart/vendor/laravel/framework/src/Illuminate/View/Middleware/ShareErrorsFromSession.php(49): Illuminate\\Pipeline\\Pipeline->Illuminate\\Pipeline\\{closure}()
#42 /home/zack/Téléchargements/S-CART-FULL-6.4.1.1.6.4.1.1/s-cart/vendor/laravel/framework/src/Illuminate/Pipeline/Pipeline.php(167): Illuminate\\View\\Middleware\\ShareErrorsFromSession->handle()
#43 /home/zack/Téléchargements/S-CART-FULL-6.4.1.1.6.4.1.1/s-cart/vendor/laravel/framework/src/Illuminate/Session/Middleware/StartSession.php(121): Illuminate\\Pipeline\\Pipeline->Illuminate\\Pipeline\\{closure}()
#44 /home/zack/Téléchargements/S-CART-FULL-6.4.1.1.6.4.1.1/s-cart/vendor/laravel/framework/src/Illuminate/Session/Middleware/StartSession.php(64): Illuminate\\Session\\Middleware\\StartSession->handleStatefulRequest()
#45 /home/zack/Téléchargements/S-CART-FULL-6.4.1.1.6.4.1.1/s-cart/vendor/laravel/framework/src/Illuminate/Pipeline/Pipeline.php(167): Illuminate\\Session\\Middleware\\StartSession->handle()
#46 /home/zack/Téléchargements/S-CART-FULL-6.4.1.1.6.4.1.1/s-cart/vendor/laravel/framework/src/Illuminate/Cookie/Middleware/AddQueuedCookiesToResponse.php(37): Illuminate\\Pipeline\\Pipeline->Illuminate\\Pipeline\\{closure}()
#47 /home/zack/Téléchargements/S-CART-FULL-6.4.1.1.6.4.1.1/s-cart/vendor/laravel/framework/src/Illuminate/Pipeline/Pipeline.php(167): Illuminate\\Cookie\\Middleware\\AddQueuedCookiesToResponse->handle()
#48 /home/zack/Téléchargements/S-CART-FULL-6.4.1.1.6.4.1.1/s-cart/vendor/laravel/framework/src/Illuminate/Cookie/Middleware/EncryptCookies.php(67): Illuminate\\Pipeline\\Pipeline->Illuminate\\Pipeline\\{closure}()
#49 /home/zack/Téléchargements/S-CART-FULL-6.4.1.1.6.4.1.1/s-cart/vendor/laravel/framework/src/Illuminate/Pipeline/Pipeline.php(167): Illuminate\\Cookie\\Middleware\\EncryptCookies->handle()
#50 /home/zack/Téléchargements/S-CART-FULL-6.4.1.1.6.4.1.1/s-cart/vendor/laravel/framework/src/Illuminate/Pipeline/Pipeline.php(103): Illuminate\\Pipeline\\Pipeline->Illuminate\\Pipeline\\{closure}()
#51 /home/zack/Téléchargements/S-CART-FULL-6.4.1.1.6.4.1.1/s-cart/vendor/laravel/framework/src/Illuminate/Routing/Router.php(697): Illuminate\\Pipeline\\Pipeline->then()
#52 /home/zack/Téléchargements/S-CART-FULL-6.4.1.1.6.4.1.1/s-cart/vendor/laravel/framework/src/Illuminate/Routing/Router.php(672): Illuminate\\Routing\\Router->runRouteWithinStack()
#53 /home/zack/Téléchargements/S-CART-FULL-6.4.1.1.6.4.1.1/s-cart/vendor/laravel/framework/src/Illuminate/Routing/Router.php(636): Illuminate\\Routing\\Router->runRoute()
#54 /home/zack/Téléchargements/S-CART-FULL-6.4.1.1.6.4.1.1/s-cart/vendor/laravel/framework/src/Illuminate/Routing/Router.php(625): Illuminate\\Routing\\Router->dispatchToRoute()
#55 /home/zack/Téléchargements/S-CART-FULL-6.4.1.1.6.4.1.1/s-cart/vendor/laravel/framework/src/Illuminate/Foundation/Http/Kernel.php(166): Illuminate\\Routing\\Router->dispatch()
#56 /home/zack/Téléchargements/S-CART-FULL-6.4.1.1.6.4.1.1/s-cart/vendor/laravel/framework/src/Illuminate/Pipeline/Pipeline.php(128): Illuminate\\Foundation\\Http\\Kernel->Illuminate\\Foundation\\Http\\{closure}()
#57 /home/zack/Téléchargements/S-CART-FULL-6.4.1.1.6.4.1.1/s-cart/vendor/barryvdh/laravel-debugbar/src/Middleware/InjectDebugbar.php(67): Illuminate\\Pipeline\\Pipeline->Illuminate\\Pipeline\\{closure}()
#58 /home/zack/Téléchargements/S-CART-FULL-6.4.1.1.6.4.1.1/s-cart/vendor/laravel/framework/src/Illuminate/Pipeline/Pipeline.php(167): Barryvdh\\Debugbar\\Middleware\\InjectDebugbar->handle()
#59 /home/zack/Téléchargements/S-CART-FULL-6.4.1.1.6.4.1.1/s-cart/vendor/spatie/laravel-pjax/src/Middleware/FilterIfPjax.php(18): Illuminate\\Pipeline\\Pipeline->Illuminate\\Pipeline\\{closure}()
#60 /home/zack/Téléchargements/S-CART-FULL-6.4.1.1.6.4.1.1/s-cart/vendor/laravel/framework/src/Illuminate/Pipeline/Pipeline.php(167): Spatie\\Pjax\\Middleware\\FilterIfPjax->handle()
#61 /home/zack/Téléchargements/S-CART-FULL-6.4.1.1.6.4.1.1/s-cart/vendor/fideloper/proxy/src/TrustProxies.php(57): Illuminate\\Pipeline\\Pipeline->Illuminate\\Pipeline\\{closure}()
#62 /home/zack/Téléchargements/S-CART-FULL-6.4.1.1.6.4.1.1/s-cart/vendor/laravel/framework/src/Illuminate/Pipeline/Pipeline.php(167): Fideloper\\Proxy\\TrustProxies->handle()
#63 /home/zack/Téléchargements/S-CART-FULL-6.4.1.1.6.4.1.1/s-cart/vendor/laravel/framework/src/Illuminate/Foundation/Http/Middleware/TransformsRequest.php(21): Illuminate\\Pipeline\\Pipeline->Illuminate\\Pipeline\\{closure}()
#64 /home/zack/Téléchargements/S-CART-FULL-6.4.1.1.6.4.1.1/s-cart/vendor/laravel/framework/src/Illuminate/Foundation/Http/Middleware/ConvertEmptyStringsToNull.php(31): Illuminate\\Foundation\\Http\\Middleware\\TransformsRequest->handle()
#65 /home/zack/Téléchargements/S-CART-FULL-6.4.1.1.6.4.1.1/s-cart/vendor/laravel/framework/src/Illuminate/Pipeline/Pipeline.php(167): Illuminate\\Foundation\\Http\\Middleware\\ConvertEmptyStringsToNull->handle()
#66 /home/zack/Téléchargements/S-CART-FULL-6.4.1.1.6.4.1.1/s-cart/vendor/laravel/framework/src/Illuminate/Foundation/Http/Middleware/TransformsRequest.php(21): Illuminate\\Pipeline\\Pipeline->Illuminate\\Pipeline\\{closure}()
#67 /home/zack/Téléchargements/S-CART-FULL-6.4.1.1.6.4.1.1/s-cart/vendor/laravel/framework/src/Illuminate/Foundation/Http/Middleware/TrimStrings.php(40): Illuminate\\Foundation\\Http\\Middleware\\TransformsRequest->handle()
#68 /home/zack/Téléchargements/S-CART-FULL-6.4.1.1.6.4.1.1/s-cart/vendor/laravel/framework/src/Illuminate/Pipeline/Pipeline.php(167): Illuminate\\Foundation\\Http\\Middleware\\TrimStrings->handle()
#69 /home/zack/Téléchargements/S-CART-FULL-6.4.1.1.6.4.1.1/s-cart/vendor/laravel/framework/src/Illuminate/Foundation/Http/Middleware/ValidatePostSize.php(27): Illuminate\\Pipeline\\Pipeline->Illuminate\\Pipeline\\{closure}()
#70 /home/zack/Téléchargements/S-CART-FULL-6.4.1.1.6.4.1.1/s-cart/vendor/laravel/framework/src/Illuminate/Pipeline/Pipeline.php(167): Illuminate\\Foundation\\Http\\Middleware\\ValidatePostSize->handle()
#71 /home/zack/Téléchargements/S-CART-FULL-6.4.1.1.6.4.1.1/s-cart/vendor/laravel/framework/src/Illuminate/Foundation/Http/Middleware/PreventRequestsDuringMaintenance.php(86): Illuminate\\Pipeline\\Pipeline->Illuminate\\Pipeline\\{closure}()
#72 /home/zack/Téléchargements/S-CART-FULL-6.4.1.1.6.4.1.1/s-cart/vendor/laravel/framework/src/Illuminate/Pipeline/Pipeline.php(167): Illuminate\\Foundation\\Http\\Middleware\\PreventRequestsDuringMaintenance->handle()
#73 /home/zack/Téléchargements/S-CART-FULL-6.4.1.1.6.4.1.1/s-cart/vendor/laravel/framework/src/Illuminate/Pipeline/Pipeline.php(103): Illuminate\\Pipeline\\Pipeline->Illuminate\\Pipeline\\{closure}()
#74 /home/zack/Téléchargements/S-CART-FULL-6.4.1.1.6.4.1.1/s-cart/vendor/laravel/framework/src/Illuminate/Foundation/Http/Kernel.php(141): Illuminate\\Pipeline\\Pipeline->then()
#75 /home/zack/Téléchargements/S-CART-FULL-6.4.1.1.6.4.1.1/s-cart/vendor/laravel/framework/src/Illuminate/Foundation/Http/Kernel.php(110): Illuminate\\Foundation\\Http\\Kernel->sendRequestThroughRouter()
#76 /home/zack/Téléchargements/S-CART-FULL-6.4.1.1.6.4.1.1/s-cart/public/index.php(82): Illuminate\\Foundation\\Http\\Kernel->handle()
#77 /home/zack/Téléchargements/S-CART-FULL-6.4.1.1.6.4.1.1/s-cart/server.php(21): require_once('/home/zack/T\\xC3\\xA9l...')
#78 {main}

[previous exception] [object] (ParseError(code: 0): syntax error, unexpected '\">' (T_CONSTANT_ENCAPSED_STRING), expecting ')' at /home/zack/Téléchargements/S-CART-FULL-6.4.1.1.6.4.1.1/s-cart/storage/framework/views/29cb963488b6de2e0582951803e2a254d4888dcc.php:47)
[stacktrace]
#0 /home/zack/Téléchargements/S-CART-FULL-6.4.1.1.6.4.1.1/s-cart/vendor/laravel/framework/src/Illuminate/Filesystem/Filesystem.php(108): Illuminate\\Filesystem\\Filesystem::Illuminate\\Filesystem\\{closure}()
#1 /home/zack/Téléchargements/S-CART-FULL-6.4.1.1.6.4.1.1/s-cart/vendor/laravel/framework/src/Illuminate/View/Engines/PhpEngine.php(58): Illuminate\\Filesystem\\Filesystem->getRequire()
#2 /home/zack/Téléchargements/S-CART-FULL-6.4.1.1.6.4.1.1/s-cart/vendor/laravel/framework/src/Illuminate/View/Engines/CompilerEngine.php(61): Illuminate\\View\\Engines\\PhpEngine->evaluatePath()
#3 /home/zack/Téléchargements/S-CART-FULL-6.4.1.1.6.4.1.1/s-cart/vendor/facade/ignition/src/Views/Engines/CompilerEngine.php(37): Illuminate\\View\\Engines\\CompilerEngine->get()
#4 /home/zack/Téléchargements/S-CART-FULL-6.4.1.1.6.4.1.1/s-cart/vendor/laravel/framework/src/Illuminate/View/View.php(139): Facade\\Ignition\\Views\\Engines\\CompilerEngine->get()
#5 /home/zack/Téléchargements/S-CART-FULL-6.4.1.1.6.4.1.1/s-cart/vendor/laravel/framework/src/Illuminate/View/View.php(122): Illuminate\\View\\View->getContents()
#6 /home/zack/Téléchargements/S-CART-FULL-6.4.1.1.6.4.1.1/s-cart/vendor/laravel/framework/src/Illuminate/View/View.php(91): Illuminate\\View\\View->renderContents()
#7 /home/zack/Téléchargements/S-CART-FULL-6.4.1.1.6.4.1.1/s-cart/storage/framework/views/1117903046ce756b4d85238fe7c2c5b14cb75e82.php(6): Illuminate\\View\\View->render()
#8 /home/zack/Téléchargements/S-CART-FULL-6.4.1.1.6.4.1.1/s-cart/vendor/laravel/framework/src/Illuminate/Filesystem/Filesystem.php(107): require('/home/zack/T\\xC3\\xA9l...')
#9 /home/zack/Téléchargements/S-CART-FULL-6.4.1.1.6.4.1.1/s-cart/vendor/laravel/framework/src/Illuminate/Filesystem/Filesystem.php(108): Illuminate\\Filesystem\\Filesystem::Illuminate\\Filesystem\\{closure}()
#10 /home/zack/Téléchargements/S-CART-FULL-6.4.1.1.6.4.1.1/s-cart/vendor/laravel/framework/src/Illuminate/View/Engines/PhpEngine.php(58): Illuminate\\Filesystem\\Filesystem->getRequire()
#11 /home/zack/Téléchargements/S-CART-FULL-6.4.1.1.6.4.1.1/s-cart/vendor/laravel/framework/src/Illuminate/View/Engines/CompilerEngine.php(61): Illuminate\\View\\Engines\\PhpEngine->evaluatePath()
#12 /home/zack/Téléchargements/S-CART-FULL-6.4.1.1.6.4.1.1/s-cart/vendor/facade/ignition/src/Views/Engines/CompilerEngine.php(37): Illuminate\\View\\Engines\\CompilerEngine->get()
#13 /home/zack/Téléchargements/S-CART-FULL-6.4.1.1.6.4.1.1/s-cart/vendor/laravel/framework/src/Illuminate/View/View.php(139): Facade\\Ignition\\Views\\Engines\\CompilerEngine->get()
#14 /home/zack/Téléchargements/S-CART-FULL-6.4.1.1.6.4.1.1/s-cart/vendor/laravel/framework/src/Illuminate/View/View.php(122): Illuminate\\View\\View->getContents()
#15 /home/zack/Téléchargements/S-CART-FULL-6.4.1.1.6.4.1.1/s-cart/vendor/laravel/framework/src/Illuminate/View/View.php(91): Illuminate\\View\\View->renderContents()
#16 /home/zack/Téléchargements/S-CART-FULL-6.4.1.1.6.4.1.1/s-cart/storage/framework/views/2a24214c33e2a3c582bcb8384c9316e4f1c36945.php(23): Illuminate\\View\\View->render()
#17 /home/zack/Téléchargements/S-CART-FULL-6.4.1.1.6.4.1.1/s-cart/vendor/laravel/framework/src/Illuminate/Filesystem/Filesystem.php(107): require('/home/zack/T\\xC3\\xA9l...')
#18 /home/zack/Téléchargements/S-CART-FULL-6.4.1.1.6.4.1.1/s-cart/vendor/laravel/framework/src/Illuminate/Filesystem/Filesystem.php(108): Illuminate\\Filesystem\\Filesystem::Illuminate\\Filesystem\\{closure}()
#19 /home/zack/Téléchargements/S-CART-FULL-6.4.1.1.6.4.1.1/s-cart/vendor/laravel/framework/src/Illuminate/View/Engines/PhpEngine.php(58): Illuminate\\Filesystem\\Filesystem->getRequire()
#20 /home/zack/Téléchargements/S-CART-FULL-6.4.1.1.6.4.1.1/s-cart/vendor/laravel/framework/src/Illuminate/View/Engines/CompilerEngine.php(61): Illuminate\\View\\Engines\\PhpEngine->evaluatePath()
#21 /home/zack/Téléchargements/S-CART-FULL-6.4.1.1.6.4.1.1/s-cart/vendor/facade/ignition/src/Views/Engines/CompilerEngine.php(37): Illuminate\\View\\Engines\\CompilerEngine->get()
#22 /home/zack/Téléchargements/S-CART-FULL-6.4.1.1.6.4.1.1/s-cart/vendor/laravel/framework/src/Illuminate/View/View.php(139): Facade\\Ignition\\Views\\Engines\\CompilerEngine->get()
#23 /home/zack/Téléchargements/S-CART-FULL-6.4.1.1.6.4.1.1/s-cart/vendor/laravel/framework/src/Illuminate/View/View.php(122): Illuminate\\View\\View->getContents()
#24 /home/zack/Téléchargements/S-CART-FULL-6.4.1.1.6.4.1.1/s-cart/vendor/laravel/framework/src/Illuminate/View/View.php(91): Illuminate\\View\\View->renderContents()
#25 /home/zack/Téléchargements/S-CART-FULL-6.4.1.1.6.4.1.1/s-cart/vendor/laravel/framework/src/Illuminate/Http/Response.php(69): Illuminate\\View\\View->render()
#26 /home/zack/Téléchargements/S-CART-FULL-6.4.1.1.6.4.1.1/s-cart/vendor/laravel/framework/src/Illuminate/Http/Response.php(35): Illuminate\\Http\\Response->setContent()
#27 /home/zack/Téléchargements/S-CART-FULL-6.4.1.1.6.4.1.1/s-cart/vendor/laravel/framework/src/Illuminate/Routing/Router.php(793): Illuminate\\Http\\Response->__construct()
#28 /home/zack/Téléchargements/S-CART-FULL-6.4.1.1.6.4.1.1/s-cart/vendor/laravel/framework/src/Illuminate/Routing/Router.php(763): Illuminate\\Routing\\Router::toResponse()
#29 /home/zack/Téléchargements/S-CART-FULL-6.4.1.1.6.4.1.1/s-cart/vendor/laravel/framework/src/Illuminate/Routing/Router.php(695): Illuminate\\Routing\\Router->prepareResponse()
#30 /home/zack/Téléchargements/S-CART-FULL-6.4.1.1.6.4.1.1/s-cart/vendor/laravel/framework/src/Illuminate/Pipeline/Pipeline.php(128): Illuminate\\Routing\\Router->Illuminate\\Routing\\{closure}()
#31 /home/zack/Téléchargements/S-CART-FULL-6.4.1.1.6.4.1.1/s-cart/vendor/s-cart/core/src/Front/Middleware/CheckDomain.php(41): Illuminate\\Pipeline\\Pipeline->Illuminate\\Pipeline\\{closure}()
#32 /home/zack/Téléchargements/S-CART-FULL-6.4.1.1.6.4.1.1/s-cart/vendor/laravel/framework/src/Illuminate/Pipeline/Pipeline.php(167): SCart\\Core\\Front\\Middleware\\CheckDomain->handle()
#33 /home/zack/Téléchargements/S-CART-FULL-6.4.1.1.6.4.1.1/s-cart/vendor/s-cart/core/src/Front/Middleware/Currency.php(25): Illuminate\\Pipeline\\Pipeline->Illuminate\\Pipeline\\{closure}()
#34 /home/zack/Téléchargements/S-CART-FULL-6.4.1.1.6.4.1.1/s-cart/vendor/laravel/framework/src/Illuminate/Pipeline/Pipeline.php(167): SCart\\Core\\Front\\Middleware\\Currency->handle()
#35 /home/zack/Téléchargements/S-CART-FULL-6.4.1.1.6.4.1.1/s-cart/vendor/s-cart/core/src/Front/Middleware/Localization.php(31): Illuminate\\Pipeline\\Pipeline->Illuminate\\Pipeline\\{closure}()
#36 /home/zack/Téléchargements/S-CART-FULL-6.4.1.1.6.4.1.1/s-cart/vendor/laravel/framework/src/Illuminate/Pipeline/Pipeline.php(167): SCart\\Core\\Front\\Middleware\\Localization->handle()
#37 /home/zack/Téléchargements/S-CART-FULL-6.4.1.1.6.4.1.1/s-cart/vendor/laravel/framework/src/Illuminate/Routing/Middleware/SubstituteBindings.php(50): Illuminate\\Pipeline\\Pipeline->Illuminate\\Pipeline\\{closure}()
#38 /home/zack/Téléchargements/S-CART-FULL-6.4.1.1.6.4.1.1/s-cart/vendor/laravel/framework/src/Illuminate/Pipeline/Pipeline.php(167): Illuminate\\Routing\\Middleware\\SubstituteBindings->handle()
#39 /home/zack/Téléchargements/S-CART-FULL-6.4.1.1.6.4.1.1/s-cart/vendor/laravel/framework/src/Illuminate/Foundation/Http/Middleware/VerifyCsrfToken.php(78): Illuminate\\Pipeline\\Pipeline->Illuminate\\Pipeline\\{closure}()
#40 /home/zack/Téléchargements/S-CART-FULL-6.4.1.1.6.4.1.1/s-cart/vendor/laravel/framework/src/Illuminate/Pipeline/Pipeline.php(167): Illuminate\\Foundation\\Http\\Middleware\\VerifyCsrfToken->handle()
#41 /home/zack/Téléchargements/S-CART-FULL-6.4.1.1.6.4.1.1/s-cart/vendor/laravel/framework/src/Illuminate/View/Middleware/ShareErrorsFromSession.php(49): Illuminate\\Pipeline\\Pipeline->Illuminate\\Pipeline\\{closure}()
#42 /home/zack/Téléchargements/S-CART-FULL-6.4.1.1.6.4.1.1/s-cart/vendor/laravel/framework/src/Illuminate/Pipeline/Pipeline.php(167): Illuminate\\View\\Middleware\\ShareErrorsFromSession->handle()
#43 /home/zack/Téléchargements/S-CART-FULL-6.4.1.1.6.4.1.1/s-cart/vendor/laravel/framework/src/Illuminate/Session/Middleware/StartSession.php(121): Illuminate\\Pipeline\\Pipeline->Illuminate\\Pipeline\\{closure}()
#44 /home/zack/Téléchargements/S-CART-FULL-6.4.1.1.6.4.1.1/s-cart/vendor/laravel/framework/src/Illuminate/Session/Middleware/StartSession.php(64): Illuminate\\Session\\Middleware\\StartSession->handleStatefulRequest()
#45 /home/zack/Téléchargements/S-CART-FULL-6.4.1.1.6.4.1.1/s-cart/vendor/laravel/framework/src/Illuminate/Pipeline/Pipeline.php(167): Illuminate\\Session\\Middleware\\StartSession->handle()
#46 /home/zack/Téléchargements/S-CART-FULL-6.4.1.1.6.4.1.1/s-cart/vendor/laravel/framework/src/Illuminate/Cookie/Middleware/AddQueuedCookiesToResponse.php(37): Illuminate\\Pipeline\\Pipeline->Illuminate\\Pipeline\\{closure}()
#47 /home/zack/Téléchargements/S-CART-FULL-6.4.1.1.6.4.1.1/s-cart/vendor/laravel/framework/src/Illuminate/Pipeline/Pipeline.php(167): Illuminate\\Cookie\\Middleware\\AddQueuedCookiesToResponse->handle()
#48 /home/zack/Téléchargements/S-CART-FULL-6.4.1.1.6.4.1.1/s-cart/vendor/laravel/framework/src/Illuminate/Cookie/Middleware/EncryptCookies.php(67): Illuminate\\Pipeline\\Pipeline->Illuminate\\Pipeline\\{closure}()
#49 /home/zack/Téléchargements/S-CART-FULL-6.4.1.1.6.4.1.1/s-cart/vendor/laravel/framework/src/Illuminate/Pipeline/Pipeline.php(167): Illuminate\\Cookie\\Middleware\\EncryptCookies->handle()
#50 /home/zack/Téléchargements/S-CART-FULL-6.4.1.1.6.4.1.1/s-cart/vendor/laravel/framework/src/Illuminate/Pipeline/Pipeline.php(103): Illuminate\\Pipeline\\Pipeline->Illuminate\\Pipeline\\{closure}()
#51 /home/zack/Téléchargements/S-CART-FULL-6.4.1.1.6.4.1.1/s-cart/vendor/laravel/framework/src/Illuminate/Routing/Router.php(697): Illuminate\\Pipeline\\Pipeline->then()
#52 /home/zack/Téléchargements/S-CART-FULL-6.4.1.1.6.4.1.1/s-cart/vendor/laravel/framework/src/Illuminate/Routing/Router.php(672): Illuminate\\Routing\\Router->runRouteWithinStack()
#53 /home/zack/Téléchargements/S-CART-FULL-6.4.1.1.6.4.1.1/s-cart/vendor/laravel/framework/src/Illuminate/Routing/Router.php(636): Illuminate\\Routing\\Router->runRoute()
#54 /home/zack/Téléchargements/S-CART-FULL-6.4.1.1.6.4.1.1/s-cart/vendor/laravel/framework/src/Illuminate/Routing/Router.php(625): Illuminate\\Routing\\Router->dispatchToRoute()
#55 /home/zack/Téléchargements/S-CART-FULL-6.4.1.1.6.4.1.1/s-cart/vendor/laravel/framework/src/Illuminate/Foundation/Http/Kernel.php(166): Illuminate\\Routing\\Router->dispatch()
#56 /home/zack/Téléchargements/S-CART-FULL-6.4.1.1.6.4.1.1/s-cart/vendor/laravel/framework/src/Illuminate/Pipeline/Pipeline.php(128): Illuminate\\Foundation\\Http\\Kernel->Illuminate\\Foundation\\Http\\{closure}()
#57 /home/zack/Téléchargements/S-CART-FULL-6.4.1.1.6.4.1.1/s-cart/vendor/barryvdh/laravel-debugbar/src/Middleware/InjectDebugbar.php(67): Illuminate\\Pipeline\\Pipeline->Illuminate\\Pipeline\\{closure}()
#58 /home/zack/Téléchargements/S-CART-FULL-6.4.1.1.6.4.1.1/s-cart/vendor/laravel/framework/src/Illuminate/Pipeline/Pipeline.php(167): Barryvdh\\Debugbar\\Middleware\\InjectDebugbar->handle()
#59 /home/zack/Téléchargements/S-CART-FULL-6.4.1.1.6.4.1.1/s-cart/vendor/spatie/laravel-pjax/src/Middleware/FilterIfPjax.php(18): Illuminate\\Pipeline\\Pipeline->Illuminate\\Pipeline\\{closure}()
#60 /home/zack/Téléchargements/S-CART-FULL-6.4.1.1.6.4.1.1/s-cart/vendor/laravel/framework/src/Illuminate/Pipeline/Pipeline.php(167): Spatie\\Pjax\\Middleware\\FilterIfPjax->handle()
#61 /home/zack/Téléchargements/S-CART-FULL-6.4.1.1.6.4.1.1/s-cart/vendor/fideloper/proxy/src/TrustProxies.php(57): Illuminate\\Pipeline\\Pipeline->Illuminate\\Pipeline\\{closure}()
#62 /home/zack/Téléchargements/S-CART-FULL-6.4.1.1.6.4.1.1/s-cart/vendor/laravel/framework/src/Illuminate/Pipeline/Pipeline.php(167): Fideloper\\Proxy\\TrustProxies->handle()
#63 /home/zack/Téléchargements/S-CART-FULL-6.4.1.1.6.4.1.1/s-cart/vendor/laravel/framework/src/Illuminate/Foundation/Http/Middleware/TransformsRequest.php(21): Illuminate\\Pipeline\\Pipeline->Illuminate\\Pipeline\\{closure}()
#64 /home/zack/Téléchargements/S-CART-FULL-6.4.1.1.6.4.1.1/s-cart/vendor/laravel/framework/src/Illuminate/Foundation/Http/Middleware/ConvertEmptyStringsToNull.php(31): Illuminate\\Foundation\\Http\\Middleware\\TransformsRequest->handle()
#65 /home/zack/Téléchargements/S-CART-FULL-6.4.1.1.6.4.1.1/s-cart/vendor/laravel/framework/src/Illuminate/Pipeline/Pipeline.php(167): Illuminate\\Foundation\\Http\\Middleware\\ConvertEmptyStringsToNull->handle()
#66 /home/zack/Téléchargements/S-CART-FULL-6.4.1.1.6.4.1.1/s-cart/vendor/laravel/framework/src/Illuminate/Foundation/Http/Middleware/TransformsRequest.php(21): Illuminate\\Pipeline\\Pipeline->Illuminate\\Pipeline\\{closure}()
#67 /home/zack/Téléchargements/S-CART-FULL-6.4.1.1.6.4.1.1/s-cart/vendor/laravel/framework/src/Illuminate/Foundation/Http/Middleware/TrimStrings.php(40): Illuminate\\Foundation\\Http\\Middleware\\TransformsRequest->handle()
#68 /home/zack/Téléchargements/S-CART-FULL-6.4.1.1.6.4.1.1/s-cart/vendor/laravel/framework/src/Illuminate/Pipeline/Pipeline.php(167): Illuminate\\Foundation\\Http\\Middleware\\TrimStrings->handle()
#69 /home/zack/Téléchargements/S-CART-FULL-6.4.1.1.6.4.1.1/s-cart/vendor/laravel/framework/src/Illuminate/Foundation/Http/Middleware/ValidatePostSize.php(27): Illuminate\\Pipeline\\Pipeline->Illuminate\\Pipeline\\{closure}()
#70 /home/zack/Téléchargements/S-CART-FULL-6.4.1.1.6.4.1.1/s-cart/vendor/laravel/framework/src/Illuminate/Pipeline/Pipeline.php(167): Illuminate\\Foundation\\Http\\Middleware\\ValidatePostSize->handle()
#71 /home/zack/Téléchargements/S-CART-FULL-6.4.1.1.6.4.1.1/s-cart/vendor/laravel/framework/src/Illuminate/Foundation/Http/Middleware/PreventRequestsDuringMaintenance.php(86): Illuminate\\Pipeline\\Pipeline->Illuminate\\Pipeline\\{closure}()
#72 /home/zack/Téléchargements/S-CART-FULL-6.4.1.1.6.4.1.1/s-cart/vendor/laravel/framework/src/Illuminate/Pipeline/Pipeline.php(167): Illuminate\\Foundation\\Http\\Middleware\\PreventRequestsDuringMaintenance->handle()
#73 /home/zack/Téléchargements/S-CART-FULL-6.4.1.1.6.4.1.1/s-cart/vendor/laravel/framework/src/Illuminate/Pipeline/Pipeline.php(103): Illuminate\\Pipeline\\Pipeline->Illuminate\\Pipeline\\{closure}()
#74 /home/zack/Téléchargements/S-CART-FULL-6.4.1.1.6.4.1.1/s-cart/vendor/laravel/framework/src/Illuminate/Foundation/Http/Kernel.php(141): Illuminate\\Pipeline\\Pipeline->then()
#75 /home/zack/Téléchargements/S-CART-FULL-6.4.1.1.6.4.1.1/s-cart/vendor/laravel/framework/src/Illuminate/Foundation/Http/Kernel.php(110): Illuminate\\Foundation\\Http\\Kernel->sendRequestThroughRouter()
#76 /home/zack/Téléchargements/S-CART-FULL-6.4.1.1.6.4.1.1/s-cart/public/index.php(82): Illuminate\\Foundation\\Http\\Kernel->handle()
#77 /home/zack/Téléchargements/S-CART-FULL-6.4.1.1.6.4.1.1/s-cart/server.php(21): require_once('/home/zack/T\\xC3\\xA9l...')
#78 {main}
"} 
